  Generating ui_mainwindow.h
  Generating moc_Geom2d_Arc.cpp
  E:/C++/OCCTSketcher/Geom2d_Arc.h(136): Note: No relevant classes found. No output generated.
  Generating moc_Geom2d_Edge.cpp
  E:/C++/OCCTSketcher/Geom2d_Edge.h(87): Note: No relevant classes found. No output generated.
  Generating moc_OCCView.cpp
  Generating moc_Sketcher.cpp
  E:/C++/OCCTSketcher/Sketcher.h(309): Note: No relevant classes found. No output generated.
  Generating moc_Sketcher_AnalyserSnap.cpp
  E:/C++/OCCTSketcher/Sketcher_AnalyserSnap.h(204): Note: No relevant classes found. No output generated.
  Generating moc_Sketcher_Command.cpp
  E:/C++/OCCTSketcher/Sketcher_Command.h(209): Note: No relevant classes found. No output generated.
  Generating moc_Sketcher_CommandArc3P.cpp
  E:/C++/OCCTSketcher/Sketcher_CommandArc3P.h(146): Note: No relevant classes found. No output generated.
  Generating moc_Sketcher_CommandArcCenter2P.cpp
  E:/C++/OCCTSketcher/Sketcher_CommandArcCenter2P.h(114): Note: No relevant classes found. No output generated.
  Generating moc_Sketcher_CommandBezierCurve.cpp
  E:/C++/OCCTSketcher/Sketcher_CommandBezierCurve.h(107): Note: No relevant classes found. No output generated.
  Generating moc_Sketcher_CommandCircle2PTan.cpp
  E:/C++/OCCTSketcher/Sketcher_CommandCircle2PTan.h(130): Note: No relevant classes found. No output generated.
  Generating moc_Sketcher_CommandCircle3P.cpp
  E:/C++/OCCTSketcher/Sketcher_CommandCircle3P.h(90): Note: No relevant classes found. No output generated.
  Generating moc_Sketcher_CommandCircle3Tan.cpp
  E:/C++/OCCTSketcher/Sketcher_CommandCircle3Tan.h(145): Note: No relevant classes found. No output generated.
  Generating moc_Sketcher_CommandCircleCenterRadius.cpp
  E:/C++/OCCTSketcher/Sketcher_CommandCircleCenterRadius.h(87): Note: No relevant classes found. No output generated.
  Generating moc_Sketcher_CommandCircleP2Tan.cpp
  E:/C++/OCCTSketcher/Sketcher_CommandCircleP2Tan.h(145): Note: No relevant classes found. No output generated.
  Generating moc_Sketcher_CommandLine2P.cpp
  E:/C++/OCCTSketcher/Sketcher_CommandLine2P.h(101): Note: No relevant classes found. No output generated.
  Generating moc_Sketcher_CommandPoint.cpp
  E:/C++/OCCTSketcher/Sketcher_CommandPoint.h(73): Note: No relevant classes found. No output generated.
  Generating moc_Sketcher_CommandTrim.cpp
  E:/C++/OCCTSketcher/Sketcher_CommandTrim.h(260): Note: No relevant classes found. No output generated.
  Generating moc_Sketcher_GUI.cpp
  E:/C++/OCCTSketcher/Sketcher_GUI.h(46): Note: No relevant classes found. No output generated.
  Generating moc_Sketcher_Object.cpp
  E:/C++/OCCTSketcher/Sketcher_Object.h(199): Note: No relevant classes found. No output generated.
  Generating moc_Sketcher_ObjectGeometryType.cpp
  E:/C++/OCCTSketcher/Sketcher_ObjectGeometryType.h(11): Note: No relevant classes found. No output generated.
  Generating moc_Sketcher_ObjectType.cpp
  E:/C++/OCCTSketcher/Sketcher_ObjectType.h(8): Note: No relevant classes found. No output generated.
  Generating moc_Sketcher_ObjectTypeOfMethod.cpp
  E:/C++/OCCTSketcher/Sketcher_ObjectTypeOfMethod.h(26): Note: No relevant classes found. No output generated.
  Generating moc_Sketcher_QtGUI.cpp
  E:/C++/OCCTSketcher/Sketcher_QtGUI.h(64): Note: No relevant classes found. No output generated.
  Generating moc_Sketcher_Snap.cpp
  E:/C++/OCCTSketcher/Sketcher_Snap.h(208): Note: No relevant classes found. No output generated.
  Generating moc_Sketcher_SnapCenter.cpp
  E:/C++/OCCTSketcher/Sketcher_SnapCenter.h(0): Note: No relevant classes found. No output generated.
  Generating moc_Sketcher_SnapEnd.cpp
  E:/C++/OCCTSketcher/Sketcher_SnapEnd.h(49): Note: No relevant classes found. No output generated.
  Generating moc_Sketcher_SnapIntersection.cpp
  E:/C++/OCCTSketcher/Sketcher_SnapIntersection.h(83): Note: No relevant classes found. No output generated.
  Generating moc_Sketcher_SnapLine.cpp
  E:/C++/OCCTSketcher/Sketcher_SnapLine.h(118): Note: No relevant classes found. No output generated.
  Generating moc_Sketcher_SnapLineParallel.cpp
  E:/C++/OCCTSketcher/Sketcher_SnapLineParallel.h(61): Note: No relevant classes found. No output generated.
  Generating moc_Sketcher_SnapLinePerpendicular.cpp
  E:/C++/OCCTSketcher/Sketcher_SnapLinePerpendicular.h(62): Note: No relevant classes found. No output generated.
  Generating moc_Sketcher_SnapMiddle.cpp
  E:/C++/OCCTSketcher/Sketcher_SnapMiddle.h(50): Note: No relevant classes found. No output generated.
  Generating moc_Sketcher_SnapNearest.cpp
  E:/C++/OCCTSketcher/Sketcher_SnapNearest.h(49): Note: No relevant classes found. No output generated.
  Generating moc_Sketcher_SnapTangent.cpp
  E:/C++/OCCTSketcher/Sketcher_SnapTangent.h(158): Note: No relevant classes found. No output generated.
  Generating moc_Sketcher_SnapType.cpp
  E:/C++/OCCTSketcher/Sketcher_SnapType.h(16): Note: No relevant classes found. No output generated.
  Generating moc_mainwindow.cpp
  Generating qrc_occqt.cpp
  Building Custom Rule E:/C++/OCCTSketcher/CMakeLists.txt
  CMake does not need to re-run because E:/C++/OCCTSketcher/Build/CMakeFiles/generate.stamp is up-to-date.
  Geom2d_Arc.cpp
  Geom2d_Edge.cpp
  OCCView.cpp
  Sketcher.cpp
  Sketcher_AnalyserSnap.cpp
  Sketcher_Command.cpp
  Sketcher_CommandArc3P.cpp
  Sketcher_CommandArcCenter2P.cpp
  Sketcher_CommandBezierCurve.cpp
  Sketcher_CommandCircle2PTan.cpp
  Sketcher_CommandCircle3P.cpp
  Sketcher_CommandCircle3Tan.cpp
  Sketcher_CommandCircleCenterRadius.cpp
  Sketcher_CommandCircleP2Tan.cpp
  Sketcher_CommandLine2P.cpp
  Sketcher_CommandPoint.cpp
  Sketcher_CommandTrim.cpp
  Sketcher_GUI.cpp
  Sketcher_Object.cpp
  Sketcher_QtGUI.cpp
  正在生成代码...
  正在编译...
  Sketcher_Snap.cpp
  Sketcher_SnapCenter.cpp
  Sketcher_SnapEnd.cpp
  Sketcher_SnapIntersection.cpp
  Sketcher_SnapLine.cpp
  Sketcher_SnapLineParallel.cpp
  Sketcher_SnapLinePerpendicular.cpp
  Sketcher_SnapMiddle.cpp
  Sketcher_SnapNearest.cpp
  Sketcher_SnapTangent.cpp
  main.cpp
  mainwindow.cpp
  moc_Geom2d_Arc.cpp
  moc_Geom2d_Edge.cpp
  moc_OCCView.cpp
  moc_Sketcher.cpp
  moc_Sketcher_AnalyserSnap.cpp
  moc_Sketcher_Command.cpp
  moc_Sketcher_CommandArc3P.cpp
  moc_Sketcher_CommandArcCenter2P.cpp
  正在生成代码...
  正在编译...
  moc_Sketcher_CommandBezierCurve.cpp
  moc_Sketcher_CommandCircle2PTan.cpp
  moc_Sketcher_CommandCircle3P.cpp
  moc_Sketcher_CommandCircle3Tan.cpp
  moc_Sketcher_CommandCircleCenterRadius.cpp
  moc_Sketcher_CommandCircleP2Tan.cpp
  moc_Sketcher_CommandLine2P.cpp
  moc_Sketcher_CommandPoint.cpp
  moc_Sketcher_CommandTrim.cpp
  moc_Sketcher_GUI.cpp
  moc_Sketcher_Object.cpp
  moc_Sketcher_ObjectGeometryType.cpp
  moc_Sketcher_ObjectType.cpp
  moc_Sketcher_ObjectTypeOfMethod.cpp
  moc_Sketcher_QtGUI.cpp
  moc_Sketcher_Snap.cpp
  moc_Sketcher_SnapCenter.cpp
  moc_Sketcher_SnapEnd.cpp
  moc_Sketcher_SnapIntersection.cpp
  moc_Sketcher_SnapLine.cpp
  正在生成代码...
  正在编译...
  moc_Sketcher_SnapLineParallel.cpp
  moc_Sketcher_SnapLinePerpendicular.cpp
  moc_Sketcher_SnapMiddle.cpp
  moc_Sketcher_SnapNearest.cpp
  moc_Sketcher_SnapTangent.cpp
  moc_Sketcher_SnapType.cpp
  moc_mainwindow.cpp
  qrc_occqt.cpp
  正在生成代码...
    正在创建库 E:/C++/OCCTSketcher/Build/Debug/OCCTSketcher.lib 和对象 E:/C++/OCCTSketcher/Build/Debug/OCCTSketcher.exp
  OCCTSketcher.vcxproj -> E:\C++\OCCTSketcher\Build\Debug\OCCTSketcher.exe
  OCCTSketcher.vcxproj -> E:/C++/OCCTSketcher/Build/Debug/OCCTSketcher.pdb (Full PDB)
